<?xml version="1.0" encoding="UTF-8"?>
<coverage generated="1703565051856" clover="3.2.0">
  <project timestamp="1703565051856" name="All files">
    <metrics statements="28" coveredstatements="27" conditionals="7" coveredconditionals="5" methods="6" coveredmethods="6" elements="41" coveredelements="38" complexity="0" loc="28" ncloc="28" packages="2" files="2" classes="2"/>
    <package name="tokenizer">
      <metrics statements="26" coveredstatements="25" conditionals="7" coveredconditionals="5" methods="6" coveredmethods="6"/>
      <file name="index.ts" path="/Users/harshdeep/Projects/personal/veerscript/components/tokenizer/index.ts">
        <metrics statements="26" coveredstatements="25" conditionals="7" coveredconditionals="5" methods="6" coveredmethods="6"/>
        <line num="4" count="1" type="stmt"/>
        <line num="6" count="1" type="stmt"/>
        <line num="10" count="1" type="stmt"/>
        <line num="11" count="1" type="stmt"/>
        <line num="15" count="18" type="stmt"/>
        <line num="16" count="18" type="stmt"/>
        <line num="20" count="2" type="cond" truecount="1" falsecount="0"/>
        <line num="22" count="1" type="stmt"/>
        <line num="26" count="15" type="cond" truecount="1" falsecount="0"/>
        <line num="28" count="14" type="stmt"/>
        <line num="33" count="14" type="cond" truecount="1" falsecount="0"/>
        <line num="35" count="13" type="cond" truecount="0" falsecount="1"/>
        <line num="37" count="13" type="stmt"/>
        <line num="39" count="13" type="stmt"/>
        <line num="40" count="236" type="stmt"/>
        <line num="42" count="236" type="cond" truecount="1" falsecount="0"/>
        <line num="43" count="224" type="stmt"/>
        <line num="46" count="12" type="cond" truecount="0" falsecount="1"/>
        <line num="47" count="0" type="stmt"/>
        <line num="50" count="12" type="stmt"/>
        <line num="56" count="1" type="stmt"/>
        <line num="61" count="236" type="stmt"/>
        <line num="64" count="236" type="cond" truecount="1" falsecount="0"/>
        <line num="65" count="224" type="stmt"/>
        <line num="69" count="12" type="stmt"/>
        <line num="72" count="12" type="stmt"/>
      </file>
    </package>
    <package name="tokenizer.constants">
      <metrics statements="2" coveredstatements="2" conditionals="0" coveredconditionals="0" methods="0" coveredmethods="0"/>
      <file name="veerScriptTokens.ts" path="/Users/harshdeep/Projects/personal/veerscript/components/tokenizer/constants/veerScriptTokens.ts">
        <metrics statements="2" coveredstatements="2" conditionals="0" coveredconditionals="0" methods="0" coveredmethods="0"/>
        <line num="1" count="1" type="stmt"/>
        <line num="63" count="1" type="stmt"/>
      </file>
    </package>
  </project>
</coverage>
