{"/Users/harshdeep/Projects/personal/veerscript/components/tokenizer/index.ts": {"path":"/Users/harshdeep/Projects/personal/veerscript/components/tokenizer/index.ts","statementMap":{"0":{"start":{"line":6,"column":10},"end":{"line":6,"column":49}},"1":{"start":{"line":10,"column":4},"end":{"line":10,"column":20}},"2":{"start":{"line":11,"column":4},"end":{"line":11,"column":43}},"3":{"start":{"line":15,"column":4},"end":{"line":15,"column":35}},"4":{"start":{"line":16,"column":4},"end":{"line":16,"column":20}},"5":{"start":{"line":20,"column":4},"end":{"line":20,"column":34}},"6":{"start":{"line":20,"column":22},"end":{"line":20,"column":34}},"7":{"start":{"line":22,"column":4},"end":{"line":22,"column":46}},"8":{"start":{"line":26,"column":4},"end":{"line":26,"column":35}},"9":{"start":{"line":26,"column":22},"end":{"line":26,"column":35}},"10":{"start":{"line":28,"column":4},"end":{"line":28,"column":44}},"11":{"start":{"line":33,"column":4},"end":{"line":33,"column":34}},"12":{"start":{"line":33,"column":22},"end":{"line":33,"column":34}},"13":{"start":{"line":35,"column":4},"end":{"line":35,"column":43}},"14":{"start":{"line":35,"column":31},"end":{"line":35,"column":43}},"15":{"start":{"line":37,"column":19},"end":{"line":37,"column":49}},"16":{"start":{"line":39,"column":4},"end":{"line":54,"column":5}},"17":{"start":{"line":40,"column":25},"end":{"line":40,"column":52}},"18":{"start":{"line":42,"column":6},"end":{"line":44,"column":7}},"19":{"start":{"line":43,"column":8},"end":{"line":43,"column":17}},"20":{"start":{"line":46,"column":6},"end":{"line":48,"column":7}},"21":{"start":{"line":47,"column":8},"end":{"line":47,"column":35}},"22":{"start":{"line":50,"column":6},"end":{"line":53,"column":8}},"23":{"start":{"line":56,"column":4},"end":{"line":56,"column":90}},"24":{"start":{"line":61,"column":20},"end":{"line":61,"column":38}},"25":{"start":{"line":64,"column":4},"end":{"line":66,"column":5}},"26":{"start":{"line":65,"column":6},"end":{"line":65,"column":18}},"27":{"start":{"line":69,"column":4},"end":{"line":69,"column":37}},"28":{"start":{"line":72,"column":4},"end":{"line":72,"column":22}},"29":{"start":{"line":4,"column":0},"end":{"line":4,"column":21}}},"fnMap":{"0":{"name":"(anonymous_0)","decl":{"start":{"line":9,"column":2},"end":{"line":9,"column":14}},"loc":{"start":{"line":9,"column":46},"end":{"line":12,"column":3}}},"1":{"name":"(anonymous_1)","decl":{"start":{"line":14,"column":2},"end":{"line":14,"column":15}},"loc":{"start":{"line":14,"column":40},"end":{"line":17,"column":3}}},"2":{"name":"(anonymous_2)","decl":{"start":{"line":19,"column":2},"end":{"line":19,"column":7}},"loc":{"start":{"line":19,"column":7},"end":{"line":23,"column":3}}},"3":{"name":"(anonymous_3)","decl":{"start":{"line":25,"column":2},"end":{"line":25,"column":15}},"loc":{"start":{"line":25,"column":15},"end":{"line":29,"column":3}}},"4":{"name":"(anonymous_4)","decl":{"start":{"line":31,"column":2},"end":{"line":31,"column":14}},"loc":{"start":{"line":31,"column":14},"end":{"line":57,"column":3}}},"5":{"name":"(anonymous_5)","decl":{"start":{"line":59,"column":2},"end":{"line":59,"column":9}},"loc":{"start":{"line":59,"column":39},"end":{"line":73,"column":3}}}},"branchMap":{"0":{"loc":{"start":{"line":20,"column":4},"end":{"line":20,"column":34}},"type":"if","locations":[{"start":{"line":20,"column":4},"end":{"line":20,"column":34}}]},"1":{"loc":{"start":{"line":26,"column":4},"end":{"line":26,"column":35}},"type":"if","locations":[{"start":{"line":26,"column":4},"end":{"line":26,"column":35}}]},"2":{"loc":{"start":{"line":33,"column":4},"end":{"line":33,"column":34}},"type":"if","locations":[{"start":{"line":33,"column":4},"end":{"line":33,"column":34}}]},"3":{"loc":{"start":{"line":35,"column":4},"end":{"line":35,"column":43}},"type":"if","locations":[{"start":{"line":35,"column":4},"end":{"line":35,"column":43}}]},"4":{"loc":{"start":{"line":42,"column":6},"end":{"line":44,"column":7}},"type":"if","locations":[{"start":{"line":42,"column":6},"end":{"line":44,"column":7}}]},"5":{"loc":{"start":{"line":46,"column":6},"end":{"line":48,"column":7}},"type":"if","locations":[{"start":{"line":46,"column":6},"end":{"line":48,"column":7}}]},"6":{"loc":{"start":{"line":64,"column":4},"end":{"line":66,"column":5}},"type":"if","locations":[{"start":{"line":64,"column":4},"end":{"line":66,"column":5}}]}},"s":{"0":1,"1":1,"2":1,"3":18,"4":18,"5":2,"6":1,"7":1,"8":15,"9":1,"10":14,"11":14,"12":1,"13":13,"14":0,"15":13,"16":13,"17":236,"18":236,"19":224,"20":12,"21":0,"22":12,"23":1,"24":236,"25":236,"26":224,"27":12,"28":12,"29":1},"f":{"0":1,"1":18,"2":2,"3":15,"4":14,"5":236},"b":{"0":[1],"1":[1],"2":[1],"3":[0],"4":[224],"5":[0],"6":[224]}}
,"/Users/harshdeep/Projects/personal/veerscript/components/tokenizer/constants/veerScriptTokens.ts": {"path":"/Users/harshdeep/Projects/personal/veerscript/components/tokenizer/constants/veerScriptTokens.ts","statementMap":{"0":{"start":{"line":1,"column":13},"end":{"line":61,"column":2}},"1":{"start":{"line":63,"column":13},"end":{"line":123,"column":2}}},"fnMap":{},"branchMap":{},"s":{"0":1,"1":1},"f":{},"b":{}}
}
