TN:
SF:components/tokenizer/index.ts
FN:9,(anonymous_0)
FN:14,(anonymous_1)
FN:19,(anonymous_2)
FN:25,(anonymous_3)
FN:31,(anonymous_4)
FN:59,(anonymous_5)
FNF:6
FNH:6
FNDA:1,(anonymous_0)
FNDA:18,(anonymous_1)
FNDA:2,(anonymous_2)
FNDA:15,(anonymous_3)
FNDA:14,(anonymous_4)
FNDA:236,(anonymous_5)
DA:4,1
DA:6,1
DA:10,1
DA:11,1
DA:15,18
DA:16,18
DA:20,2
DA:22,1
DA:26,15
DA:28,14
DA:33,14
DA:35,13
DA:37,13
DA:39,13
DA:40,236
DA:42,236
DA:43,224
DA:46,12
DA:47,0
DA:50,12
DA:56,1
DA:61,236
DA:64,236
DA:65,224
DA:69,12
DA:72,12
LF:26
LH:25
BRDA:20,0,0,1
BRDA:26,1,0,1
BRDA:33,2,0,1
BRDA:35,3,0,0
BRDA:42,4,0,224
BRDA:46,5,0,0
BRDA:64,6,0,224
BRF:7
BRH:5
end_of_record
TN:
SF:components/tokenizer/constants/veerScriptTokens.ts
FNF:0
FNH:0
DA:1,1
DA:63,1
LF:2
LH:2
BRF:0
BRH:0
end_of_record
